# JRE version: Java(TM) SE Runtime Environment (8.0_60-b27) (build 1.8.0_60-b27)
# Java VM: Java HotSpot(TM) Client VM (25.60-b23 mixed mode windows-x86 )
Heap:
 def new generation   total 4928K, used 3534K [0x04c00000, 0x05150000, 0x0a150000)
  eden space 4416K,  80% used [0x04c00000, 0x04f734c0, 0x05050000)
  from space 512K,   0% used [0x05050000, 0x05050480, 0x050d0000)
  to   space 512K,   0% used [0x050d0000, 0x050d0000, 0x05150000)
 tenured generation   total 10944K, used 365K [0x0a150000, 0x0ac00000, 0x14c00000)
   the space 10944K,   3% used [0x0a150000, 0x0a1ab6f8, 0x0a1ab800, 0x0ac00000)
 Metaspace       used 1995K, capacity 2504K, committed 2624K, reserved 4480K
GC Heap History (10 events):
Event: 139.745 GC heap before
{Heap before GC invocations=95 (full 0):
 def new generation   total 4928K, used 4417K [0x04c00000, 0x05150000, 0x0a150000)
  eden space 4416K, 100% used [0x04c00000, 0x05050000, 0x05050000)
  from space 512K,   0% used [0x050d0000, 0x050d0460, 0x05150000)
  to   space 512K,   0% used [0x05050000, 0x05050000, 0x050d0000)
 tenured generation   total 10944K, used 365K [0x0a150000, 0x0ac00000, 0x14c00000)
   the space 10944K,   3% used [0x0a150000, 0x0a1ab650, 0x0a1ab800, 0x0ac00000)
 Metaspace       used 1995K, capacity 2504K, committed 2624K, reserved 4480K
Event: 139.746 GC heap after
Heap after GC invocations=96 (full 0):
 def new generation   total 4928K, used 1K [0x04c00000, 0x05150000, 0x0a150000)
  eden space 4416K,   0% used [0x04c00000, 0x04c00000, 0x05050000)
  from space 512K,   0% used [0x05050000, 0x050504c8, 0x050d0000)
  to   space 512K,   0% used [0x050d0000, 0x050d0000, 0x05150000)
 tenured generation   total 10944K, used 365K [0x0a150000, 0x0ac00000, 0x14c00000)
   the space 10944K,   3% used [0x0a150000, 0x0a1ab650, 0x0a1ab800, 0x0ac00000)
 Metaspace       used 1995K, capacity 2504K, committed 2624K, reserved 4480K
}
Event: 141.179 GC heap before
{Heap before GC invocations=96 (full 0):
 def new generation   total 4928K, used 4417K [0x04c00000, 0x05150000, 0x0a150000)
  eden space 4416K, 100% used [0x04c00000, 0x05050000, 0x05050000)
  from space 512K,   0% used [0x05050000, 0x050504c8, 0x050d0000)
  to   space 512K,   0% used [0x050d0000, 0x050d0000, 0x05150000)
 tenured generation   total 10944K, used 365K [0x0a150000, 0x0ac00000, 0x14c00000)
   the space 10944K,   3% used [0x0a150000, 0x0a1ab650, 0x0a1ab800, 0x0ac00000)
 Metaspace       used 1995K, capacity 2504K, committed 2624K, reserved 4480K
Event: 141.180 GC heap after
Heap after GC invocations=97 (full 0):
 def new generation   total 4928K, used 1K [0x04c00000, 0x05150000, 0x0a150000)
  eden space 4416K,   0% used [0x04c00000, 0x04c00000, 0x05050000)
  from space 512K,   0% used [0x050d0000, 0x050d0528, 0x05150000)
  to   space 512K,   0% used [0x05050000, 0x05050000, 0x050d0000)
 tenured generation   total 10944K, used 365K [0x0a150000, 0x0ac00000, 0x14c00000)
   the space 10944K,   3% used [0x0a150000, 0x0a1ab650, 0x0a1ab800, 0x0ac00000)
 Metaspace       used 1995K, capacity 2504K, committed 2624K, reserved 4480K
}
Event: 142.644 GC heap before
{Heap before GC invocations=97 (full 0):
 def new generation   total 4928K, used 4417K [0x04c00000, 0x05150000, 0x0a150000)
  eden space 4416K, 100% used [0x04c00000, 0x05050000, 0x05050000)
  from space 512K,   0% used [0x050d0000, 0x050d0528, 0x05150000)
  to   space 512K,   0% used [0x05050000, 0x05050000, 0x050d0000)
 tenured generation   total 10944K, used 365K [0x0a150000, 0x0ac00000, 0x14c00000)
   the space 10944K,   3% used [0x0a150000, 0x0a1ab650, 0x0a1ab800, 0x0ac00000)
 Metaspace       used 1995K, capacity 2504K, committed 2624K, reserved 4480K
Event: 142.644 GC heap after
Heap after GC invocations=98 (full 0):
 def new generation   total 4928K, used 1K [0x04c00000, 0x05150000, 0x0a150000)
  eden space 4416K,   0% used [0x04c00000, 0x04c00000, 0x05050000)
  from space 512K,   0% used [0x05050000, 0x05050440, 0x050d0000)
  to   space 512K,   0% used [0x050d0000, 0x050d0000, 0x05150000)
 tenured generation   total 10944K, used 365K [0x0a150000, 0x0ac00000, 0x14c00000)
   the space 10944K,   3% used [0x0a150000, 0x0a1ab6f8, 0x0a1ab800, 0x0ac00000)
 Metaspace       used 1995K, capacity 2504K, committed 2624K, reserved 4480K
}
Event: 144.147 GC heap before
{Heap before GC invocations=98 (full 0):
 def new generation   total 4928K, used 4417K [0x04c00000, 0x05150000, 0x0a150000)
  eden space 4416K, 100% used [0x04c00000, 0x05050000, 0x05050000)
  from space 512K,   0% used [0x05050000, 0x05050440, 0x050d0000)
  to   space 512K,   0% used [0x050d0000, 0x050d0000, 0x05150000)
 tenured generation   total 10944K, used 365K [0x0a150000, 0x0ac00000, 0x14c00000)
   the space 10944K,   3% used [0x0a150000, 0x0a1ab6f8, 0x0a1ab800, 0x0ac00000)
 Metaspace       used 1995K, capacity 2504K, committed 2624K, reserved 4480K
Event: 144.148 GC heap after
Heap after GC invocations=99 (full 0):
 def new generation   total 4928K, used 1K [0x04c00000, 0x05150000, 0x0a150000)
  eden space 4416K,   0% used [0x04c00000, 0x04c00000, 0x05050000)
  from space 512K,   0% used [0x050d0000, 0x050d0480, 0x05150000)
  to   space 512K,   0% used [0x05050000, 0x05050000, 0x050d0000)
 tenured generation   total 10944K, used 365K [0x0a150000, 0x0ac00000, 0x14c00000)
   the space 10944K,   3% used [0x0a150000, 0x0a1ab6f8, 0x0a1ab800, 0x0ac00000)
 Metaspace       used 1995K, capacity 2504K, committed 2624K, reserved 4480K
}
Event: 145.665 GC heap before
{Heap before GC invocations=99 (full 0):
 def new generation   total 4928K, used 4417K [0x04c00000, 0x05150000, 0x0a150000)
  eden space 4416K, 100% used [0x04c00000, 0x05050000, 0x05050000)
  from space 512K,   0% used [0x050d0000, 0x050d0480, 0x05150000)
  to   space 512K,   0% used [0x05050000, 0x05050000, 0x050d0000)
 tenured generation   total 10944K, used 365K [0x0a150000, 0x0ac00000, 0x14c00000)
   the space 10944K,   3% used [0x0a150000, 0x0a1ab6f8, 0x0a1ab800, 0x0ac00000)
 Metaspace       used 1995K, capacity 2504K, committed 2624K, reserved 4480K
Event: 145.665 GC heap after
Heap after GC invocations=100 (full 0):
 def new generation   total 4928K, used 1K [0x04c00000, 0x05150000, 0x0a150000)
  eden space 4416K,   0% used [0x04c00000, 0x04c00000, 0x05050000)
  from space 512K,   0% used [0x05050000, 0x05050480, 0x050d0000)
  to   space 512K,   0% used [0x050d0000, 0x050d0000, 0x05150000)
 tenured generation   total 10944K, used 365K [0x0a150000, 0x0ac00000, 0x14c00000)
   the space 10944K,   3% used [0x0a150000, 0x0a1ab6f8, 0x0a1ab800, 0x0ac00000)
 Metaspace       used 1995K, capacity 2504K, committed 2624K, reserved 4480K
}

